\o Program:		@(#)$CDS: libManager version 6.1.8 - CAT37 03/12/2021 04:24 (sjfdcl1035) $
\o Sub version:		sub-version  s175 
\o Arguments:		-mpssession virtuoso114672 -mpshost ssh-soc.ece.ubc.ca 
\o Working Directory:	ssh-soc.ece.ubc.ca:/ubc/ece/home/ugrads/l/l9w0b/Documents/elec402_hw4
\o 64-bit offsets
\o Qt version: 		5.9.1
\o Log file is "/ubc/ece/home/ugrads/l/l9w0b/Documents/elec402_hw4/libManager.log".
\o Opening libManager window.
\a nrSetCurrentWindow(cdsLibManager)
\a nrResizeWindow(cdsLibManager list(169 198 2085 932))
\o changeWorkingDir("/ubc/ece/home/ugrads/l/l9w0b/Documents/elec402_hw4") unnecessary.
\o ddSetForcedLib("") unnecessary.
\o MPS service: map window
\o Library Manager customization server connected.
\a cdsLibManager->libListBox->value = "NAND3"
\a cdsLibManager->libLineEdit->value = "NAND3"
\a cdsLibManager->cellListBox->value = "NAND3_SCHEM_BASIC_TB"
\a cdsLibManager->cellLineEdit->value = "NAND3_SCHEM_BASIC_TB"
\a cdsLibManager->cellListBox->value = "NAND3_SCHEM_BASIC"
\a cdsLibManager->cellLineEdit->value = "NAND3_SCHEM_BASIC"
\a cdsLibManager->cellListBox->value = "NAND3_SCHEM_BASIC_TB"
\a cdsLibManager->cellLineEdit->value = "NAND3_SCHEM_BASIC_TB"
\a cdsLibManager->cellListBox->value = "NAND3_SCHEM_BASIC"
\a cdsLibManager->cellLineEdit->value = "NAND3_SCHEM_BASIC"
\a cdsLibManager->cellListBox->value = "NAND3_SCHEM_BASIC_TB"
\a cdsLibManager->cellLineEdit->value = "NAND3_SCHEM_BASIC_TB"
\a cdsLibManager->cellListBox->value = "NAND3_SCHEM_BASIC"
\a cdsLibManager->cellLineEdit->value = "NAND3_SCHEM_BASIC"
\a cdsLibManager->cellLineEdit->value = ""
\a cdsLibManager->cellListBox->value = nil
\a cdsLibManager->cellListBox->value = "NAND3_SCHEM_BASIC"
\a cdsLibManager->cellLineEdit->value = "NAND3_SCHEM_BASIC"
\o MPS request: edit design
\a nrListItemAction(cdsLibManager->cellListBox 0 0)
\a cdsLibManager->libListBox->value = nil
\a cdsLibManager->libLineEdit->value = ""
\a cdsLibManager->cellListBox->value = nil
\a cdsLibManager->cellLineEdit->value = ""
\a cdsLibManager->libListBox->value = "NAND3"
\a cdsLibManager->libLineEdit->value = "NAND3"
\a cdsLibManager->cellListBox->value = "NAND3_SCHEM_BASIC"
\a cdsLibManager->cellLineEdit->value = "NAND3_SCHEM_BASIC"
\a nrSetCurrentWindow(cdsLibManager)
\a nrSetCurrentWindow(cdsLibManager)
\a cdsLibManager->libListBox->value = nil
\a cdsLibManager->libLineEdit->value = ""
\a cdsLibManager->cellLineEdit->value = ""
\a cdsLibManager->cellListBox->value = nil
\a cdsLibManager->libListBox->value = "NAND3"
\a cdsLibManager->libLineEdit->value = "NAND3"
\a cdsLibManager->cellListBox->value = "NAND3_SCHEM_BASIC"
\a cdsLibManager->cellLineEdit->value = "NAND3_SCHEM_BASIC"
\a nrSetCurrentWindow(cdsLibManager)
\a cdsLibManager->libListBox->value = nil
\a cdsLibManager->libLineEdit->value = ""
\a cdsLibManager->cellListBox->value = nil
\a cdsLibManager->cellLineEdit->value = ""
\a cdsLibManager->libListBox->value = "NAND3"
\a cdsLibManager->libLineEdit->value = "NAND3"
\a cdsLibManager->cellListBox->value = "NAND3_SCHEM_BASIC"
\a cdsLibManager->cellLineEdit->value = "NAND3_SCHEM_BASIC"
\a nrSetCurrentWindow(cdsLibManager)
\a nrSetWindowVisibility(cdsLibManager "hide")
