\# Program start time:     UTC 2021.11.14 11:30:35.495
\# Local time: PST (UTC-08:00) 2021.11.14 03:30:35.495
\o Program:		@(#)$CDS: virtuoso version 6.1.8-64b 03/13/2021 15:49 (cpgsrv07) $
\o Hierarchy:		/ubc/ece/data/cmc2/tools/cadence/IC06.18.170_lnx86/tools.lnx86/dfII/
\o Sub version:		sub-version  IC6.1.8-64b.500.17  (64-bit addresses)
\# Command line:	/CMC/tools/cadence/IC06.18.170_lnx86/tools/dfII/bin/64bit/virtuoso -log mylog.log
\# Host name (type):	ssh-soc.ece.ubc.ca (x86_64)
\# Operating system:	Linux 3.10.0-1160.15.2.el7.x86_64 #1 SMP Wed Feb 3 15:06:38 UTC 2021
\# Linux /etc/issue:	\S
\# Linux /etc/issue:	Kernel \r on an \m
\# X display name (WxH):	:59.0 (2560x1375)
\# Available geometry:			TL(0:31) BR(2559:1325)
\# X server:			The X.Org Foundation
\# Depth of Visual (Root):	24 (24)
\# Number of Planes Used:	24
\# X version:		11.0 (vendor release 70000000)
\# X resource pool:	base 0x1e00000, mask 0x1fffff (2097151), shift 0
\# 			current id 0x0, current max 0x1ffffa (2097146)
\# Max data seg size:	     unlimited
\# Max process size:	     unlimited
\# Initial sbrk value:	        550 MB
\# Available memory:	      3,500 MB
\# System memory:	     66,458 MB
\# Maximum memory size:	     66,082 MB
\# Max mem available:	      3,673 MB
\# Initial memory used:	        173 MB
\#        process size:	      1,699 MB
\# Thread usage limits (effective/default):	maxthreads 4096/4096 maxload 12.00/12.00
\# Qt version:		5.9.1
\# Window Manager:	other
\# User Name:		l9w0b
\o Working Directory:	ssh-soc.ece.ubc.ca:/ubc/ece/home/ugrads/l/l9w0b/Documents/elec402_hw4
\# Process Id:		118210
\o 
\o COPYRIGHT (C) 1992-2021  CADENCE DESIGN SYSTEMS INC.  ALL RIGHTS RESERVED.
\o           (C) 1992-2021  UNIX SYSTEMS Laboratories INC.,
\o                          Reproduced with permission.
\o 
\o This Cadence Design Systems program and online documentation are
\o proprietary/confidential information and may be disclosed/used only
\o as authorized in a license agreement controlling such use and disclosure.
\o 
\o           RESTRICTED RIGHTS NOTICE (SHORT FORM)
\o Use/reproduction/disclosure is subject to restriction
\o set forth at FAR 1252.227-19 or its equivalent.
\o Loading geView.cxt 
\o Loading menuBuilder.cxt 
\o Loading schView.cxt 
\o Loading selectSv.cxt 
\o Loading wireEdit.cxt 
\o Loading pte2.cxt 
\o Loading xlUI.cxt 
\o Loading auCore.cxt 
\o Loading vhdl.cxt 
\o Loading seismic.cxt 
\o Loading ci.cxt 
\o Loading ams.cxt 
\o Loading adexlDM.cxt 
\o Loading cpf.cxt 
\o Loading cli.cxt 
\o Loading lp.cxt 
\# Memory report: using         275 MB, process size 1,862 MB at UTC 2021.11.14 11:30:39.069
\o Virtuoso Framework License (111) was checked out successfully. Total checkout time was 0.55s.
\o //
\o //  Calibre Skill Interface * (v2018.1_36.27) *
\o //
\o //                 Copyright Mentor Graphics Corporation 2005
\o //                             All Rights Reserved.
\o //         THIS WORK CONTAINS TRADE SECRET AND PROPRIETARY INFORMATION
\o //            WHICH IS THE PROPERTY OF MENTOR GRAPHICS CORPORATION
\o //              OR ITS LICENSORS AND IS SUBJECT TO LICENSE TERMS.
\o //
\o //
\o loading vars from /CMC/kits/ncsu_pdk/FreePDK15/cdslib/setup/cdsenv for tool layout
\o ---------------------------------------------------------------------------
\o Welcome to the FreePDK 15nm Free, Open-Source Process Design Kit
\o 
\o ---------------------------------------------------------------------------
\o 
\o Done loading FreePDK customizations.
\p > 
\w *WARNING* could not load font "-*-courier-medium-r-*-*-12-*", using font "fixed"
\a _treeSetOpcGUI(t)
\r t
\# Available memory:          3,383 MB at UTC 2021.11.14 11:30:46.003
\# Memory report: Maximum memory size now 3,695 MB at UTC 2021.11.14 11:30:46.003
\# Thread usage report: 13 active threads, active load 1.00 at UTC 2021.11.14 11:30:46.003
\o  
\o Library Manager created library "NAND3"
\p > 
\a hiiSetCurrentForm('ddsTechOptionForm)
\r t
\a ddsTechOptionForm->Option->value="Attach to an existing technology library"
\r "Attach to an existing technology library"
\a hiFormDone(ddsTechOptionForm)
\i tcNewLibDisplayAttachTechForm("NAND3")
\p > 
\a hiiSetCurrentForm('tcNewLibAttachTechForm)
\r t
\a hiFormDone(tcNewLibAttachTechForm)
\o INFO (TECH-180011): Design library 'NAND3' successfully attached to technology library 'NCSU_TechLib_FreePDK15'.
\r t
\r t
